CCS PCH C Compiler, Version 5.008, 5967               05-mai-20 14:53

               Filename:   C:\Users\Rody\Documents\GitHub\ProjetElectronique2TIG8\CodeC\main.lst

               ROM used:   1908 bytes (6%)
                           Largest free fragment is 30856
               RAM used:   30 (2%) at main() level
                           89 (6%) worst case
               Stack used: 5 locations (2 in main + 3 for interrupts)
               Stack size: 31

*
0000:  GOTO   05DE
*
0008:  MOVWF  04
000A:  MOVFF  FD8,05
000E:  MOVFF  FE0,06
0012:  MOVLB  0
0014:  MOVFF  FE9,0C
0018:  MOVFF  FEA,07
001C:  MOVFF  FE1,08
0020:  MOVFF  FE2,09
0024:  MOVFF  FD9,0A
0028:  MOVFF  FDA,0B
002C:  MOVFF  FF3,12
0030:  MOVFF  FF4,13
0034:  MOVFF  FFA,14
0038:  MOVFF  00,0E
003C:  MOVFF  01,0F
0040:  MOVFF  02,10
0044:  MOVFF  03,11
0048:  BTFSS  F9D.5
004A:  GOTO   0054
004E:  BTFSC  F9E.5
0050:  GOTO   0252
0054:  MOVFF  0E,00
0058:  MOVFF  0F,01
005C:  MOVFF  10,02
0060:  MOVFF  11,03
0064:  MOVFF  0C,FE9
0068:  MOVFF  07,FEA
006C:  BSF    07.7
006E:  MOVFF  08,FE1
0072:  MOVFF  09,FE2
0076:  MOVFF  0A,FD9
007A:  MOVFF  0B,FDA
007E:  MOVFF  12,FF3
0082:  MOVFF  13,FF4
0086:  MOVFF  14,FFA
008A:  MOVF   04,W
008C:  MOVFF  06,FE0
0090:  MOVFF  05,FD8
0094:  RETFIE 0
.................... #include <main.h> 
.................... #include <18F458.h> 
.................... //////// Standard Header file for the PIC18F458 device //////////////// 
.................... #device PIC18F458 
0096:  CLRF   53
0098:  CLRF   54
009A:  MOVLW  01
009C:  MOVWF  55
009E:  CLRF   FDA
00A0:  CLRF   FD9
00A2:  CLRF   58
00A4:  MOVLW  4B
00A6:  MOVWF  57
00A8:  CLRF   FEA
00AA:  MOVLW  4F
00AC:  MOVWF  FE9
00AE:  MOVFF  58,FE2
00B2:  MOVFF  57,FE1
00B6:  MOVFF  55,56
00BA:  BCF    FD8.0
00BC:  MOVF   FE5,W
00BE:  MULWF  FEE
00C0:  MOVF   FF3,W
00C2:  ADDWFC 53,F
00C4:  MOVF   FF4,W
00C6:  ADDWFC 54,F
00C8:  DECFSZ 56,F
00CA:  BRA    00BA
00CC:  MOVFF  53,FDE
00D0:  MOVFF  54,53
00D4:  CLRF   54
00D6:  BTFSC  FD8.0
00D8:  INCF   54,F
00DA:  INCF   57,F
00DC:  BTFSC  FD8.2
00DE:  INCF   58,F
00E0:  INCF   55,F
00E2:  MOVF   55,W
00E4:  SUBLW  05
00E6:  BNZ   00A8
00E8:  RETURN 0
*
0290:  MOVLW  8E
0292:  MOVWF  00
0294:  MOVFF  29,01
0298:  MOVFF  28,02
029C:  CLRF   03
029E:  MOVF   01,F
02A0:  BNZ   02B4
02A2:  MOVFF  02,01
02A6:  CLRF   02
02A8:  MOVLW  08
02AA:  SUBWF  00,F
02AC:  MOVF   01,F
02AE:  BNZ   02B4
02B0:  CLRF   00
02B2:  BRA    02C4
02B4:  BCF    FD8.0
02B6:  BTFSC  01.7
02B8:  BRA    02C2
02BA:  RLCF   02,F
02BC:  RLCF   01,F
02BE:  DECF   00,F
02C0:  BRA    02B4
02C2:  BCF    01.7
02C4:  GOTO   043E (RETURN)
02C8:  MOVF   28,W
02CA:  BTFSC  FD8.2
02CC:  BRA    03B0
02CE:  MOVWF  00
02D0:  MOVF   2C,W
02D2:  BTFSC  FD8.2
02D4:  BRA    03B0
02D6:  ADDWF  00,F
02D8:  BNC   02E2
02DA:  MOVLW  81
02DC:  ADDWF  00,F
02DE:  BC    03B0
02E0:  BRA    02EA
02E2:  MOVLW  7F
02E4:  SUBWF  00,F
02E6:  BNC   03B0
02E8:  BZ    03B0
02EA:  MOVFF  29,30
02EE:  MOVF   2D,W
02F0:  XORWF  30,F
02F2:  BSF    29.7
02F4:  BSF    2D.7
02F6:  MOVF   2B,W
02F8:  MULWF  2F
02FA:  MOVFF  FF4,32
02FE:  MOVF   2A,W
0300:  MULWF  2E
0302:  MOVFF  FF4,03
0306:  MOVFF  FF3,31
030A:  MULWF  2F
030C:  MOVF   FF3,W
030E:  ADDWF  32,F
0310:  MOVF   FF4,W
0312:  ADDWFC 31,F
0314:  MOVLW  00
0316:  ADDWFC 03,F
0318:  MOVF   2B,W
031A:  MULWF  2E
031C:  MOVF   FF3,W
031E:  ADDWF  32,F
0320:  MOVF   FF4,W
0322:  ADDWFC 31,F
0324:  MOVLW  00
0326:  CLRF   02
0328:  ADDWFC 03,F
032A:  ADDWFC 02,F
032C:  MOVF   29,W
032E:  MULWF  2F
0330:  MOVF   FF3,W
0332:  ADDWF  31,F
0334:  MOVF   FF4,W
0336:  ADDWFC 03,F
0338:  MOVLW  00
033A:  ADDWFC 02,F
033C:  MOVF   29,W
033E:  MULWF  2E
0340:  MOVF   FF3,W
0342:  ADDWF  03,F
0344:  MOVF   FF4,W
0346:  ADDWFC 02,F
0348:  MOVLW  00
034A:  CLRF   01
034C:  ADDWFC 01,F
034E:  MOVF   2B,W
0350:  MULWF  2D
0352:  MOVF   FF3,W
0354:  ADDWF  31,F
0356:  MOVF   FF4,W
0358:  ADDWFC 03,F
035A:  MOVLW  00
035C:  ADDWFC 02,F
035E:  ADDWFC 01,F
0360:  MOVF   2A,W
0362:  MULWF  2D
0364:  MOVF   FF3,W
0366:  ADDWF  03,F
0368:  MOVF   FF4,W
036A:  ADDWFC 02,F
036C:  MOVLW  00
036E:  ADDWFC 01,F
0370:  MOVF   29,W
0372:  MULWF  2D
0374:  MOVF   FF3,W
0376:  ADDWF  02,F
0378:  MOVF   FF4,W
037A:  ADDWFC 01,F
037C:  INCF   00,F
037E:  BTFSC  01.7
0380:  BRA    038C
0382:  RLCF   31,F
0384:  RLCF   03,F
0386:  RLCF   02,F
0388:  RLCF   01,F
038A:  DECF   00,F
038C:  MOVLW  00
038E:  BTFSS  31.7
0390:  BRA    03A6
0392:  INCF   03,F
0394:  ADDWFC 02,F
0396:  ADDWFC 01,F
0398:  MOVF   01,W
039A:  BNZ   03A6
039C:  MOVF   02,W
039E:  BNZ   03A6
03A0:  MOVF   03,W
03A2:  BNZ   03A6
03A4:  INCF   00,F
03A6:  BTFSC  30.7
03A8:  BSF    01.7
03AA:  BTFSS  30.7
03AC:  BCF    01.7
03AE:  BRA    03B8
03B0:  CLRF   00
03B2:  CLRF   01
03B4:  CLRF   02
03B6:  CLRF   03
03B8:  GOTO   0470 (RETURN)
03BC:  MOVF   28,W
03BE:  SUBLW  B6
03C0:  MOVWF  28
03C2:  CLRF   03
03C4:  MOVFF  29,2C
03C8:  BSF    29.7
03CA:  BCF    FD8.0
03CC:  RRCF   29,F
03CE:  RRCF   2A,F
03D0:  RRCF   2B,F
03D2:  RRCF   03,F
03D4:  RRCF   02,F
03D6:  RRCF   01,F
03D8:  RRCF   00,F
03DA:  DECFSZ 28,F
03DC:  BRA    03CA
03DE:  BTFSS  2C.7
03E0:  BRA    03F8
03E2:  COMF   00,F
03E4:  COMF   01,F
03E6:  COMF   02,F
03E8:  COMF   03,F
03EA:  INCF   00,F
03EC:  BTFSC  FD8.2
03EE:  INCF   01,F
03F0:  BTFSC  FD8.2
03F2:  INCF   02,F
03F4:  BTFSC  FD8.2
03F6:  INCF   03,F
03F8:  GOTO   0482 (RETURN)
*
04A6:  BTFSC  FD8.1
04A8:  BRA    04B0
04AA:  CLRF   FEA
04AC:  MOVLW  34
04AE:  MOVWF  FE9
04B0:  CLRF   00
04B2:  CLRF   01
04B4:  CLRF   02
04B6:  CLRF   03
04B8:  CLRF   34
04BA:  CLRF   35
04BC:  CLRF   36
04BE:  CLRF   37
04C0:  MOVF   33,W
04C2:  IORWF  32,W
04C4:  IORWF  31,W
04C6:  IORWF  30,W
04C8:  BZ    0522
04CA:  MOVLW  20
04CC:  MOVWF  38
04CE:  BCF    FD8.0
04D0:  RLCF   2C,F
04D2:  RLCF   2D,F
04D4:  RLCF   2E,F
04D6:  RLCF   2F,F
04D8:  RLCF   34,F
04DA:  RLCF   35,F
04DC:  RLCF   36,F
04DE:  RLCF   37,F
04E0:  MOVF   33,W
04E2:  SUBWF  37,W
04E4:  BNZ   04F6
04E6:  MOVF   32,W
04E8:  SUBWF  36,W
04EA:  BNZ   04F6
04EC:  MOVF   31,W
04EE:  SUBWF  35,W
04F0:  BNZ   04F6
04F2:  MOVF   30,W
04F4:  SUBWF  34,W
04F6:  BNC   0516
04F8:  MOVF   30,W
04FA:  SUBWF  34,F
04FC:  MOVF   31,W
04FE:  BTFSS  FD8.0
0500:  INCFSZ 31,W
0502:  SUBWF  35,F
0504:  MOVF   32,W
0506:  BTFSS  FD8.0
0508:  INCFSZ 32,W
050A:  SUBWF  36,F
050C:  MOVF   33,W
050E:  BTFSS  FD8.0
0510:  INCFSZ 33,W
0512:  SUBWF  37,F
0514:  BSF    FD8.0
0516:  RLCF   00,F
0518:  RLCF   01,F
051A:  RLCF   02,F
051C:  RLCF   03,F
051E:  DECFSZ 38,F
0520:  BRA    04CE
0522:  MOVFF  34,FEF
0526:  MOVFF  35,FEC
052A:  MOVFF  36,FEC
052E:  MOVFF  37,FEC
0532:  RETURN 0
0534:  MOVF   FE9,W
0536:  MOVWF  24
0538:  MOVLW  3B
053A:  MOVWF  2B
053C:  MOVLW  9A
053E:  MOVWF  2A
0540:  MOVLW  CA
0542:  MOVWF  29
0544:  CLRF   28
0546:  MOVLW  0A
0548:  MOVWF  26
054A:  BSF    FD8.1
054C:  CLRF   FEA
054E:  MOVLW  20
0550:  MOVWF  FE9
0552:  MOVFF  23,2F
0556:  MOVFF  22,2E
055A:  MOVFF  21,2D
055E:  MOVFF  20,2C
0562:  MOVFF  2B,33
0566:  MOVFF  2A,32
056A:  MOVFF  29,31
056E:  MOVFF  28,30
0572:  RCALL  04A6
0574:  MOVF   01,W
0576:  MOVF   00,F
0578:  BNZ   0598
057A:  MOVF   26,W
057C:  XORLW  01
057E:  BZ    0598
0580:  MOVF   24,W
0582:  BZ    059A
0584:  ANDLW  0F
0586:  SUBWF  26,W
0588:  BZ    058C
058A:  BC    05A8
058C:  BTFSC  24.7
058E:  BRA    05A8
0590:  BTFSC  24.6
0592:  BRA    059A
0594:  MOVLW  20
0596:  BRA    059C
0598:  CLRF   24
059A:  MOVLW  30
059C:  ADDWF  00,F
059E:  MOVF   00,W
05A0:  CLRWDT
05A2:  BTFSS  F9E.4
05A4:  BRA    05A0
05A6:  MOVWF  FAD
05A8:  BCF    FD8.1
05AA:  MOVFF  2B,2F
05AE:  MOVFF  2A,2E
05B2:  MOVFF  29,2D
05B6:  MOVFF  28,2C
05BA:  CLRF   33
05BC:  CLRF   32
05BE:  CLRF   31
05C0:  MOVLW  0A
05C2:  MOVWF  30
05C4:  RCALL  04A6
05C6:  MOVFF  03,2B
05CA:  MOVFF  02,2A
05CE:  MOVFF  01,29
05D2:  MOVFF  00,28
05D6:  DECFSZ 26,F
05D8:  BRA    054A
05DA:  GOTO   06D0 (RETURN)
....................  
.................... #list 
....................  
.................... #device ADC=16 
....................  
.................... #FUSES NOWDT                    //No Watch Dog Timer 
.................... #FUSES WDT128                   //Watch Dog Timer uses 1:128 Postscale 
.................... #FUSES RC_IO                    //Resistor/Capacitor Osc 
.................... #FUSES NOOSCSEN                 //Oscillator switching is disabled, main oscillator is source 
.................... #FUSES NOPUT                    //No Power Up Timer 
.................... #FUSES NOBROWNOUT               //No brownout reset 
.................... //#FUSES BORV20                   //Brownout reset at 2.0V 
.................... #FUSES STVREN                   //Stack full/underflow will cause reset 
.................... #FUSES NOLVP                    //No low voltage prgming, B3(PIC16) or B5(PIC18) used for I/O 
.................... #FUSES NODEBUG                  //No Debug mode for ICD 
.................... #FUSES NOPROTECT                //Code not protected from reading 
.................... #FUSES NOCPB                    //No Boot Block code protection 
.................... #FUSES NOCPD                    //No EE protection 
.................... #FUSES NOWRT                    //Program memory not write protected 
.................... #FUSES NOWRTC                   //configuration not registers write protected 
.................... #FUSES NOWRTB                   //Boot block not write protected 
.................... #FUSES NOWRTD                   //Data EEPROM not write protected 
.................... #FUSES NOEBTR                   //Memory not protected from table reads 
.................... #FUSES NOEBTRB                  //Boot block not protected from table reads 
.................... #use delay(crystal=20000000) 
*
026A:  CLRF   FEA
026C:  MOVLW  21
026E:  MOVWF  FE9
0270:  MOVF   FEF,W
0272:  BZ    028E
0274:  MOVLW  06
0276:  MOVWF  01
0278:  CLRF   00
027A:  DECFSZ 00,F
027C:  BRA    027A
027E:  DECFSZ 01,F
0280:  BRA    0278
0282:  MOVLW  7B
0284:  MOVWF  00
0286:  DECFSZ 00,F
0288:  BRA    0286
028A:  DECFSZ FEF,F
028C:  BRA    0274
028E:  RETURN 0
....................  
.................... #use rs232(baud=9600,parity=N,xmit=PIN_C6,rcv=PIN_C7,bits=8,restart_wdt) 
....................  
....................  
.................... int32 lecture(void); 
.................... int32 limite = 10; 
....................  
.................... #INT_RDA 
.................... void RDA_isr(void){ 
....................    limite = lecture(); 
*
0252:  BRA    00EA
0254:  MOVFF  03,19
0258:  MOVFF  02,18
025C:  MOVFF  01,17
0260:  MOVFF  00,16
0264:  BCF    F9E.5
0266:  GOTO   0054
.................... } 
....................  
....................  
.................... int32 valeurDist(){ 
*
03FC:  CLRF   23
03FE:  CLRF   22
0400:  CLRF   21
0402:  CLRF   20
0404:  CLRF   27
0406:  CLRF   26
0408:  CLRF   25
040A:  CLRF   24
....................    float temps=0; 
....................    int32 dist=0; 
....................     
....................    output_high(pin_b7); //début de l’impulsion sur le trigger de la sonde à ultrasons  
040C:  BCF    F93.7
040E:  BSF    F8A.7
....................    delay_us(20); //delay_ms(10); 
0410:  MOVLW  20
0412:  MOVWF  00
0414:  DECFSZ 00,F
0416:  BRA    0414
0418:  BRA    041A
041A:  NOP   
....................    output_low(pin_b7); //fin de l’impulsion 
041C:  BCF    F93.7
041E:  BCF    F8A.7
....................     
....................    while(!input(PIN_b3)); //tant que la pin b3/canrx du PIC est à low => reliée au echo de la sonde 
0420:  BSF    F93.3
0422:  BTFSS  F81.3
0424:  BRA    0420
....................       set_timer1(0); //mise à zéro du timer 1 
0426:  CLRF   FCF
0428:  CLRF   FCE
....................        
....................    while(input(PIN_b3)); //tant que la pin b3/canrx du PIC est à high 
042A:  BSF    F93.3
042C:  BTFSC  F81.3
042E:  BRA    042A
....................       temps=get_timer1(); //récupération du timer 
0430:  MOVF   FCE,W
0432:  MOVFF  FCF,03
0436:  MOVWF  28
0438:  MOVFF  FCF,29
043C:  BRA    0290
043E:  MOVFF  03,23
0442:  MOVFF  02,22
0446:  MOVFF  01,21
044A:  MOVFF  00,20
....................        
....................    dist = temps*0.00344; //calcul de la distance en mm 
044E:  MOVFF  23,2B
0452:  MOVFF  22,2A
0456:  MOVFF  21,29
045A:  MOVFF  20,28
045E:  MOVLW  9F
0460:  MOVWF  2F
0462:  MOVLW  71
0464:  MOVWF  2E
0466:  MOVLW  61
0468:  MOVWF  2D
046A:  MOVLW  76
046C:  MOVWF  2C
046E:  BRA    02C8
0470:  MOVFF  03,2B
0474:  MOVFF  02,2A
0478:  MOVFF  01,29
047C:  MOVFF  00,28
0480:  BRA    03BC
0482:  MOVFF  03,27
0486:  MOVFF  02,26
048A:  MOVFF  01,25
048E:  MOVFF  00,24
....................    //distance = time*340/10000.0 
....................    return dist; 
0492:  MOVFF  24,00
0496:  MOVFF  25,01
049A:  MOVFF  26,02
049E:  MOVFF  27,03
04A2:  GOTO   0634 (RETURN)
.................... } 
....................  
....................  
....................  
.................... void main(){ 
*
05DE:  CLRF   FF8
05E0:  BCF    FD0.7
05E2:  BSF    07.7
05E4:  MOVLW  81
05E6:  MOVWF  FAF
05E8:  MOVLW  A6
05EA:  MOVWF  FAC
05EC:  MOVLW  90
05EE:  MOVWF  FAB
05F0:  CLRF   19
05F2:  CLRF   18
05F4:  CLRF   17
05F6:  MOVLW  0A
05F8:  MOVWF  16
05FA:  BSF    FC1.0
05FC:  BSF    FC1.1
05FE:  BSF    FC1.2
0600:  BCF    FC1.3
0602:  MOVLW  07
0604:  MOVWF  FB4
....................    output_high(PIN_B0); 
0606:  BCF    F93.0
0608:  BSF    F8A.0
....................    output_high(PIN_B1); 
060A:  BCF    F93.1
060C:  BSF    F8A.1
....................    #define toint(c)  ((c) > '9' ? c - '7' : c - '0') //conversion d'un char en int (0,9) 
....................    //setup_timer_0(RTCC_INTERNAL); // 409us (us = microseconde) overflow 
....................    setup_timer_1(T1_INTERNAL); //13,1 ms overflow 
060E:  MOVLW  85
0610:  MOVWF  FCD
....................    enable_interrupts(GLOBAL); 
0612:  MOVLW  C0
0614:  IORWF  FF2,F
....................    setup_low_volt_detect(FALSE); 
0616:  CLRF   FD2
....................    enable_interrupts(INT_RDA); 
0618:  BSF    F9D.5
....................    enable_interrupts(GLOBAL); 
061A:  IORWF  FF2,F
....................    delay_ms(100); //délai initialisation 
061C:  MOVLW  64
061E:  MOVWF  21
0620:  RCALL  026A
....................    output_low(PIN_B0); 
0622:  BCF    F93.0
0624:  BCF    F8A.0
....................    output_low(PIN_B1); 
0626:  BCF    F93.1
0628:  BCF    F8A.1
....................     
....................     
....................    int32 distance=0; 
062A:  CLRF   1D
062C:  CLRF   1C
062E:  CLRF   1B
0630:  CLRF   1A
....................     
....................    while(true){ 
....................     
....................       distance = valeurDist(); //calcul de la distance 
0632:  BRA    03FC
0634:  MOVFF  03,1D
0638:  MOVFF  02,1C
063C:  MOVFF  01,1B
0640:  MOVFF  00,1A
....................        
....................       if(distance<limite){ //si la distance est assez grande 
0644:  MOVF   1D,W
0646:  SUBWF  19,W
0648:  BNC   066C
064A:  BNZ   0662
064C:  MOVF   1C,W
064E:  SUBWF  18,W
0650:  BNC   066C
0652:  BNZ   0662
0654:  MOVF   1B,W
0656:  SUBWF  17,W
0658:  BNC   066C
065A:  BNZ   0662
065C:  MOVF   16,W
065E:  SUBWF  1A,W
0660:  BC    066C
....................          output_low(PIN_B1); //si la sortie est basse led rouge 
0662:  BCF    F93.1
0664:  BCF    F8A.1
....................          output_high(PIN_B0); //si la sortie est haute led verte 
0666:  BCF    F93.0
0668:  BSF    F8A.0
....................       }else{ 
066A:  BRA    0674
....................          output_low(PIN_B0); //vérifie que la led verte est bien éteinte 
066C:  BCF    F93.0
066E:  BCF    F8A.0
....................          output_toggle(PIN_B1); //la led rouge clignote 
0670:  BCF    F93.1
0672:  BTG    F8A.1
....................       } 
....................        
....................       if(distance <= 153){ 
0674:  MOVF   1D,F
0676:  BNZ   06F4
0678:  MOVF   1C,F
067A:  BNZ   06F4
067C:  MOVF   1B,F
067E:  BNZ   06F4
0680:  MOVF   1A,W
0682:  SUBLW  99
0684:  BNC   06F4
....................          if(distance <= 9){ 
0686:  MOVF   1D,F
0688:  BNZ   06B0
068A:  MOVF   1C,F
068C:  BNZ   06B0
068E:  MOVF   1B,F
0690:  BNZ   06B0
0692:  MOVF   1A,W
0694:  SUBLW  09
0696:  BNC   06B0
....................             output_low(PIN_E0); 
0698:  BCF    F96.0
069A:  BCF    F8D.0
....................             output_d(distance); 
069C:  CLRF   F95
069E:  MOVFF  1A,F8C
....................             delay_ms(300); 
06A2:  MOVLW  02
06A4:  MOVWF  20
06A6:  MOVLW  96
06A8:  MOVWF  21
06AA:  RCALL  026A
06AC:  DECFSZ 20,F
06AE:  BRA    06A6
....................          } 
....................          /* 
....................          else{ //32 
....................             distance = conversion(distance); 
....................             output_low(PIN_E0); 
....................             output_d(distance); 
....................             delay_ms(300); 
....................          } 
....................          */ 
....................          output_low(PIN_E0); 
06B0:  BCF    F96.0
06B2:  BCF    F8D.0
....................             output_d(distance); 
06B4:  CLRF   F95
06B6:  MOVFF  1A,F8C
....................             printf("%lu\r\n",distance); 
06BA:  MOVLW  41
06BC:  MOVWF  FE9
06BE:  MOVFF  1D,23
06C2:  MOVFF  1C,22
06C6:  MOVFF  1B,21
06CA:  MOVFF  1A,20
06CE:  BRA    0534
06D0:  MOVLW  0D
06D2:  CLRWDT
06D4:  BTFSS  F9E.4
06D6:  BRA    06D2
06D8:  MOVWF  FAD
06DA:  MOVLW  0A
06DC:  CLRWDT
06DE:  BTFSS  F9E.4
06E0:  BRA    06DC
06E2:  MOVWF  FAD
....................             delay_ms(300); 
06E4:  MOVLW  02
06E6:  MOVWF  20
06E8:  MOVLW  96
06EA:  MOVWF  21
06EC:  RCALL  026A
06EE:  DECFSZ 20,F
06F0:  BRA    06E8
....................           
....................       }else{ 
06F2:  BRA    0774
....................          output_high(PIN_E0); //dist = 155 
06F4:  BCF    F96.0
06F6:  BSF    F8D.0
....................          int diz = distance/100; //1.55 
....................          int unit = (distance - (diz*100))/10; 
06F8:  BCF    FD8.1
06FA:  MOVFF  1D,2F
06FE:  MOVFF  1C,2E
0702:  MOVFF  1B,2D
0706:  MOVFF  1A,2C
070A:  CLRF   33
070C:  CLRF   32
070E:  CLRF   31
0710:  MOVLW  64
0712:  MOVWF  30
0714:  RCALL  04A6
0716:  MOVFF  00,1E
071A:  MOVF   1E,W
071C:  MULLW  64
071E:  MOVF   FF3,W
0720:  SUBWF  1A,W
0722:  MOVWF  20
0724:  MOVLW  00
0726:  SUBWFB 1B,W
0728:  MOVWF  21
072A:  MOVLW  00
072C:  SUBWFB 1C,W
072E:  MOVWF  22
0730:  MOVLW  00
0732:  SUBWFB 1D,W
0734:  MOVWF  23
0736:  BCF    FD8.1
0738:  MOVWF  2F
073A:  MOVFF  22,2E
073E:  MOVFF  21,2D
0742:  MOVFF  20,2C
0746:  CLRF   33
0748:  CLRF   32
074A:  CLRF   31
074C:  MOVLW  0A
074E:  MOVWF  30
0750:  RCALL  04A6
0752:  MOVFF  00,1F
....................          output_d((diz<<4)+unit); 
0756:  SWAPF  1E,W
0758:  MOVWF  00
075A:  MOVLW  F0
075C:  ANDWF  00,F
075E:  MOVF   00,W
0760:  ADDWF  1F,W
0762:  CLRF   F95
0764:  MOVWF  F8C
....................          delay_ms(300); 
0766:  MOVLW  02
0768:  MOVWF  20
076A:  MOVLW  96
076C:  MOVWF  21
076E:  RCALL  026A
0770:  DECFSZ 20,F
0772:  BRA    076A
....................       }       
0774:  BRA    0632
....................    } 
.................... } 
....................  
0776:  SLEEP 
.................... int32 lecture(){ 
*
00EA:  CLRF   41
00EC:  CLRF   40
00EE:  CLRF   3F
00F0:  CLRF   3E
00F2:  CLRF   42
00F4:  CLRF   43
00F6:  MOVLW  01
00F8:  MOVWF  44
....................       char entre[5]; //buffer de cinq caractères 
....................       int32 sorti=0; 
....................       int i=0,x=0,y=1; //sorti=int voulu 
....................       gets(entre); //attend une chaîne de caractères finie par CR carriage return 
00FA:  CLRF   FEA
00FC:  MOVLW  39
00FE:  MOVWF  FE9
0100:  DECF   FE9,F
0102:  CLRWDT
0104:  BTFSS  F9E.5
0106:  BRA    0102
0108:  MOVFF  FAE,FEC
010C:  MOVLW  0D
010E:  SUBWF  FEF,W
0110:  BNZ   0102
0112:  CLRF   FEC
....................          for(x=0;x<5;x++){ //boucle lisant le buffer 
0114:  CLRF   43
0116:  MOVF   43,W
0118:  SUBLW  04
011A:  BNC   0136
....................             if(entre[x]=='\r'){break;} //quand le char == \r => fin du int 
011C:  CLRF   03
011E:  MOVF   43,W
0120:  ADDLW  39
0122:  MOVWF  FE9
0124:  MOVLW  00
0126:  ADDWFC 03,W
0128:  MOVWF  FEA
012A:  MOVF   FEF,W
012C:  SUBLW  0D
012E:  BTFSC  FD8.2
0130:  BRA    0136
0132:  INCF   43,F
0134:  BRA    0116
....................          } 
....................          for(i=x-1;i>0;i--){ //boucle traduisant les char en un int 
0136:  MOVLW  01
0138:  SUBWF  43,W
013A:  MOVWF  42
013C:  MOVF   42,F
013E:  BZ    01E2
....................             sorti+=toint(entre[i])*y; //la variable sorti est incrémentée du int* dizaine /centaine 
0140:  CLRF   03
0142:  MOVF   42,W
0144:  ADDLW  39
0146:  MOVWF  FE9
0148:  MOVLW  00
014A:  ADDWFC 03,W
014C:  MOVWF  FEA
014E:  MOVF   FEF,W
0150:  SUBLW  39
0152:  BC    0170
0154:  CLRF   03
0156:  MOVF   42,W
0158:  ADDLW  39
015A:  MOVWF  FE9
015C:  MOVLW  00
015E:  ADDWFC 03,W
0160:  MOVWF  FEA
0162:  MOVLW  37
0164:  SUBWF  FEF,W
0166:  MOVWF  00
0168:  CLRF   01
016A:  CLRF   02
016C:  CLRF   03
016E:  BRA    018A
0170:  CLRF   03
0172:  MOVF   42,W
0174:  ADDLW  39
0176:  MOVWF  FE9
0178:  MOVLW  00
017A:  ADDWFC 03,W
017C:  MOVWF  FEA
017E:  MOVLW  30
0180:  SUBWF  FEF,W
0182:  MOVWF  00
0184:  CLRF   01
0186:  CLRF   02
0188:  CLRF   03
018A:  MOVFF  03,48
018E:  MOVFF  02,47
0192:  MOVFF  01,46
0196:  MOVFF  00,45
019A:  MOVFF  FEA,4A
019E:  MOVFF  FE9,49
01A2:  MOVFF  03,4E
01A6:  MOVFF  02,4D
01AA:  MOVFF  01,4C
01AE:  MOVFF  00,4B
01B2:  CLRF   52
01B4:  CLRF   51
01B6:  CLRF   50
01B8:  MOVFF  44,4F
01BC:  RCALL  0096
01BE:  MOVFF  4A,FEA
01C2:  MOVFF  49,FE9
01C6:  MOVF   00,W
01C8:  ADDWF  3E,F
01CA:  MOVF   01,W
01CC:  ADDWFC 3F,F
01CE:  MOVF   02,W
01D0:  ADDWFC 40,F
01D2:  MOVF   03,W
01D4:  ADDWFC 41,F
....................             y*=10; 
01D6:  MOVF   44,W
01D8:  MULLW  0A
01DA:  MOVFF  FF3,44
01DE:  DECF   42,F
01E0:  BRA    013C
....................          } 
....................          sorti+=toint(entre[0])*y; //la boucle ne veut pas se finir à zéro alors voilà :'( 
01E2:  MOVF   39,W
01E4:  SUBLW  39
01E6:  BC    01F6
01E8:  MOVLW  37
01EA:  SUBWF  39,W
01EC:  MOVWF  00
01EE:  CLRF   01
01F0:  CLRF   02
01F2:  CLRF   03
01F4:  BRA    0202
01F6:  MOVLW  30
01F8:  SUBWF  39,W
01FA:  MOVWF  00
01FC:  CLRF   01
01FE:  CLRF   02
0200:  CLRF   03
0202:  MOVFF  03,48
0206:  MOVFF  02,47
020A:  MOVFF  01,46
020E:  MOVFF  00,45
0212:  MOVFF  03,4E
0216:  MOVFF  02,4D
021A:  MOVFF  01,4C
021E:  MOVFF  00,4B
0222:  CLRF   52
0224:  CLRF   51
0226:  CLRF   50
0228:  MOVFF  44,4F
022C:  RCALL  0096
022E:  MOVF   00,W
0230:  ADDWF  3E,F
0232:  MOVF   01,W
0234:  ADDWFC 3F,F
0236:  MOVF   02,W
0238:  ADDWFC 40,F
023A:  MOVF   03,W
023C:  ADDWFC 41,F
....................          return sorti; 
023E:  MOVFF  3E,00
0242:  MOVFF  3F,01
0246:  MOVFF  40,02
024A:  MOVFF  41,03
024E:  GOTO   0254 (RETURN)
.................... } 
....................  
....................  
....................  
....................  
....................  
....................  

Configuration Fuses:
   Word  1: 2200   HS NOOSCSEN
   Word  2: 0E0D   NOPUT NOBROWNOUT BORV25 NOWDT WDT128
   Word  3: 0000  
   Word  4: 0081   STVREN NOLVP NODEBUG
   Word  5: C00F   NOPROTECT NOCPB NOCPD
   Word  6: E00F   NOWRT NOWRTC NOWRTB NOWRTD
   Word  7: 400F   NOEBTR NOEBTRB
